Connecting to database specified by database.yml
Connecting to database specified by database.yml
  [1m[36m (0.1ms)[0m  [1mselect sqlite_version(*)[0m
  [1m[35m (1.2ms)[0m  CREATE TABLE "schema_migrations" ("version" varchar(255) NOT NULL) 
  [1m[36m (0.0ms)[0m  [1mPRAGMA index_list("schema_migrations")[0m
  [1m[35m (1.2ms)[0m  CREATE UNIQUE INDEX "unique_schema_migrations" ON "schema_migrations" ("version")
  [1m[36m (0.0ms)[0m  [1mSELECT "schema_migrations"."version" FROM "schema_migrations" [0m
Migrating to CreateTests (20121130062420)
  [1m[35m (0.0ms)[0m  begin transaction
  [1m[36m (0.0ms)[0m  [1mrollback transaction[0m
Connecting to database specified by database.yml
  [1m[36m (0.1ms)[0m  [1mSELECT "schema_migrations"."version" FROM "schema_migrations" [0m
Migrating to CreateTests (20121130062420)
  [1m[35m (0.0ms)[0m  select sqlite_version(*)
  [1m[36m (0.0ms)[0m  [1mbegin transaction[0m
  [1m[35m (0.4ms)[0m  CREATE TABLE "tests" ("id" INTEGER PRIMARY KEY AUTOINCREMENT NOT NULL, "name" varchar(255), "points_avail" integer, "user_id" integer, "date" datetime, "created_at" datetime NOT NULL, "updated_at" datetime NOT NULL) 
  [1m[36m (0.1ms)[0m  [1mINSERT INTO "schema_migrations" ("version") VALUES ('20121130062420')[0m
  [1m[35m (1.0ms)[0m  commit transaction
  [1m[36m (0.1ms)[0m  [1mselect sqlite_version(*)[0m
  [1m[35m (0.1ms)[0m  SELECT "schema_migrations"."version" FROM "schema_migrations" 
  [1m[36m (0.0ms)[0m  [1mPRAGMA index_list("tests")[0m
Connecting to database specified by database.yml
Connecting to database specified by database.yml
  [1m[36m (0.4ms)[0m  [1mSELECT "schema_migrations"."version" FROM "schema_migrations" [0m
Migrating to CreateTests (20121130062420)
Migrating to CreateUsers (20121130214051)
  [1m[35m (0.0ms)[0m  select sqlite_version(*)
  [1m[36m (0.1ms)[0m  [1mbegin transaction[0m
  [1m[35m (0.0ms)[0m  rollback transaction
Connecting to database specified by database.yml
  [1m[36m (0.1ms)[0m  [1mSELECT "schema_migrations"."version" FROM "schema_migrations" [0m
Migrating to CreateTests (20121130062420)
Migrating to CreateUsers (20121130214051)
  [1m[35m (0.0ms)[0m  select sqlite_version(*)
  [1m[36m (0.0ms)[0m  [1mbegin transaction[0m
  [1m[35m (0.0ms)[0m  rollback transaction
Connecting to database specified by database.yml
  [1m[36m (0.1ms)[0m  [1mSELECT "schema_migrations"."version" FROM "schema_migrations" [0m
Migrating to CreateTests (20121130062420)
Migrating to CreateUsers (20121130214051)
  [1m[35m (0.0ms)[0m  select sqlite_version(*)
  [1m[36m (0.0ms)[0m  [1mbegin transaction[0m
  [1m[35m (0.4ms)[0m  CREATE TABLE "users" ("id" INTEGER PRIMARY KEY AUTOINCREMENT NOT NULL, "name" varchar(255), "password" varchar(255), "last_login" datetime, "created_at" datetime NOT NULL, "updated_at" datetime NOT NULL) 
  [1m[36m (0.1ms)[0m  [1mINSERT INTO "schema_migrations" ("version") VALUES ('20121130214051')[0m
  [1m[35m (17.7ms)[0m  commit transaction
  [1m[36m (0.1ms)[0m  [1mselect sqlite_version(*)[0m
  [1m[35m (0.1ms)[0m  SELECT "schema_migrations"."version" FROM "schema_migrations" 
  [1m[36m (0.0ms)[0m  [1mPRAGMA index_list("tests")[0m
  [1m[35m (0.0ms)[0m  PRAGMA index_list("users")
Connecting to database specified by database.yml
  [1m[36m (0.4ms)[0m  [1mSELECT "schema_migrations"."version" FROM "schema_migrations" [0m
Migrating to CreateTests (20121130062420)
Migrating to CreateUsers (20121130214051)
  [1m[35m (0.1ms)[0m  select sqlite_version(*)
  [1m[36m (0.1ms)[0m  [1mSELECT "schema_migrations"."version" FROM "schema_migrations" [0m
  [1m[35m (0.0ms)[0m  PRAGMA index_list("tests")
  [1m[36m (0.0ms)[0m  [1mPRAGMA index_list("users")[0m
Connecting to database specified by database.yml
Connecting to database specified by database.yml
Connecting to database specified by database.yml
Connecting to database specified by database.yml
  [1m[36m (0.1ms)[0m  [1mSELECT "schema_migrations"."version" FROM "schema_migrations" [0m
Migrating to CreateTests (20121130062420)
Migrating to CreateUsers (20121130214051)
Migrating to CreateQuizzes (20121202004255)
  [1m[35m (0.0ms)[0m  select sqlite_version(*)
  [1m[36m (0.0ms)[0m  [1mbegin transaction[0m
  [1m[35m (0.4ms)[0m  CREATE TABLE "quizzes" ("id" INTEGER PRIMARY KEY AUTOINCREMENT NOT NULL, "topic" varchar(255), "created_at" datetime NOT NULL, "updated_at" datetime NOT NULL) 
  [1m[36m (0.1ms)[0m  [1mINSERT INTO "schema_migrations" ("version") VALUES ('20121202004255')[0m
  [1m[35m (20.9ms)[0m  commit transaction
Migrating to CreateQuestions (20121202004653)
  [1m[36m (0.1ms)[0m  [1mbegin transaction[0m
  [1m[35m (0.4ms)[0m  CREATE TABLE "questions" ("id" INTEGER PRIMARY KEY AUTOINCREMENT NOT NULL, "question" varchar(255), "quiz_id" integer, "correct_answer_id" integer, "created_at" datetime NOT NULL, "updated_at" datetime NOT NULL) 
  [1m[36m (0.1ms)[0m  [1mINSERT INTO "schema_migrations" ("version") VALUES ('20121202004653')[0m
  [1m[35m (2.2ms)[0m  commit transaction
Migrating to CreateQuizScores (20121202005719)
  [1m[36m (0.1ms)[0m  [1mbegin transaction[0m
  [1m[35m (0.3ms)[0m  CREATE TABLE "quiz_scores" ("id" INTEGER PRIMARY KEY AUTOINCREMENT NOT NULL, "score" decimal, "user_id" integer, "test_id" integer, "created_at" datetime NOT NULL, "updated_at" datetime NOT NULL) 
  [1m[36m (0.1ms)[0m  [1mINSERT INTO "schema_migrations" ("version") VALUES ('20121202005719')[0m
  [1m[35m (1.2ms)[0m  commit transaction
  [1m[36m (0.1ms)[0m  [1mselect sqlite_version(*)[0m
  [1m[35m (0.1ms)[0m  SELECT "schema_migrations"."version" FROM "schema_migrations" 
  [1m[36m (0.0ms)[0m  [1mPRAGMA index_list("questions")[0m
  [1m[35m (0.0ms)[0m  PRAGMA index_list("quiz_scores")
  [1m[36m (0.0ms)[0m  [1mPRAGMA index_list("quizzes")[0m
  [1m[35m (0.0ms)[0m  PRAGMA index_list("tests")
  [1m[36m (0.0ms)[0m  [1mPRAGMA index_list("users")[0m
Connecting to database specified by database.yml
  [1m[36m (0.1ms)[0m  [1mSELECT "schema_migrations"."version" FROM "schema_migrations" [0m
Migrating to CreateTests (20121130062420)
Migrating to CreateUsers (20121130214051)
Migrating to CreateQuizzes (20121202004255)
Migrating to CreateQuestions (20121202004653)
Migrating to CreateQuizScores (20121202005719)
  [1m[35m (0.0ms)[0m  select sqlite_version(*)
  [1m[36m (0.1ms)[0m  [1mSELECT "schema_migrations"."version" FROM "schema_migrations" [0m
  [1m[35m (0.0ms)[0m  PRAGMA index_list("questions")
  [1m[36m (0.0ms)[0m  [1mPRAGMA index_list("quiz_scores")[0m
  [1m[35m (0.0ms)[0m  PRAGMA index_list("quizzes")
  [1m[36m (0.0ms)[0m  [1mPRAGMA index_list("tests")[0m
  [1m[35m (0.0ms)[0m  PRAGMA index_list("users")
Connecting to database specified by database.yml
  [1m[36m (0.1ms)[0m  [1mSELECT "schema_migrations"."version" FROM "schema_migrations" [0m
Migrating to CreateTests (20121130062420)
Migrating to CreateUsers (20121130214051)
Migrating to CreateQuizzes (20121202004255)
Migrating to CreateQuestions (20121202004653)
Migrating to CreateQuizScores (20121202005719)
  [1m[35m (0.0ms)[0m  select sqlite_version(*)
  [1m[36m (0.1ms)[0m  [1mSELECT "schema_migrations"."version" FROM "schema_migrations" [0m
  [1m[35m (0.0ms)[0m  PRAGMA index_list("questions")
  [1m[36m (0.0ms)[0m  [1mPRAGMA index_list("quiz_scores")[0m
  [1m[35m (0.0ms)[0m  PRAGMA index_list("quizzes")
  [1m[36m (0.0ms)[0m  [1mPRAGMA index_list("tests")[0m
  [1m[35m (0.0ms)[0m  PRAGMA index_list("users")
Connecting to database specified by database.yml
  [1m[36m (0.1ms)[0m  [1mSELECT "schema_migrations"."version" FROM "schema_migrations" [0m
Migrating to CreateTests (20121130062420)
Migrating to CreateUsers (20121130214051)
Migrating to CreateQuizzes (20121202004255)
Migrating to CreateQuestions (20121202004653)
Migrating to CreateQuizScores (20121202005719)
  [1m[35m (0.0ms)[0m  select sqlite_version(*)
  [1m[36m (0.1ms)[0m  [1mSELECT "schema_migrations"."version" FROM "schema_migrations" [0m
  [1m[35m (0.0ms)[0m  PRAGMA index_list("questions")
  [1m[36m (0.0ms)[0m  [1mPRAGMA index_list("quiz_scores")[0m
  [1m[35m (0.0ms)[0m  PRAGMA index_list("quizzes")
  [1m[36m (0.0ms)[0m  [1mPRAGMA index_list("tests")[0m
  [1m[35m (0.0ms)[0m  PRAGMA index_list("users")
Connecting to database specified by database.yml
Connecting to database specified by database.yml
  [1m[36m (0.1ms)[0m  [1mSELECT "schema_migrations"."version" FROM "schema_migrations" [0m
  [1m[35m (0.1ms)[0m  SELECT "schema_migrations"."version" FROM "schema_migrations" 
  [1m[36m (0.1ms)[0m  [1mSELECT "schema_migrations"."version" FROM "schema_migrations" [0m
Migrating to CreateQuizScores (20121202005719)
  [1m[35m (0.0ms)[0m  select sqlite_version(*)
  [1m[36m (0.0ms)[0m  [1mbegin transaction[0m
  [1m[35m (0.4ms)[0m  DROP TABLE "quiz_scores"
  [1m[36m (0.1ms)[0m  [1mDELETE FROM "schema_migrations" WHERE "schema_migrations"."version" = '20121202005719'[0m
  [1m[35m (1.6ms)[0m  commit transaction
Migrating to CreateQuestions (20121202004653)
  [1m[36m (0.0ms)[0m  [1mbegin transaction[0m
  [1m[35m (0.3ms)[0m  DROP TABLE "questions"
  [1m[36m (0.1ms)[0m  [1mDELETE FROM "schema_migrations" WHERE "schema_migrations"."version" = '20121202004653'[0m
  [1m[35m (1.4ms)[0m  commit transaction
Migrating to CreateQuizzes (20121202004255)
  [1m[36m (0.0ms)[0m  [1mbegin transaction[0m
  [1m[35m (0.3ms)[0m  DROP TABLE "quizzes"
  [1m[36m (0.1ms)[0m  [1mDELETE FROM "schema_migrations" WHERE "schema_migrations"."version" = '20121202004255'[0m
  [1m[35m (2.3ms)[0m  commit transaction
  [1m[36m (0.1ms)[0m  [1mselect sqlite_version(*)[0m
  [1m[35m (0.1ms)[0m  SELECT "schema_migrations"."version" FROM "schema_migrations" 
  [1m[36m (0.0ms)[0m  [1mPRAGMA index_list("tests")[0m
  [1m[35m (0.0ms)[0m  PRAGMA index_list("users")
Connecting to database specified by database.yml
  [1m[36m (0.1ms)[0m  [1mSELECT "schema_migrations"."version" FROM "schema_migrations" [0m
  [1m[35m (0.1ms)[0m  SELECT "schema_migrations"."version" FROM "schema_migrations" 
  [1m[36m (0.1ms)[0m  [1mSELECT "schema_migrations"."version" FROM "schema_migrations" [0m
Migrating to CreateTests (20121130062420)
Migrating to CreateUsers (20121130214051)
Migrating to CreateQuizzes (20121202004255)
  [1m[35m (0.0ms)[0m  select sqlite_version(*)
  [1m[36m (0.0ms)[0m  [1mbegin transaction[0m
  [1m[35m (0.4ms)[0m  CREATE TABLE "quizzes" ("id" INTEGER PRIMARY KEY AUTOINCREMENT NOT NULL, "topic" varchar(255), "created_at" datetime NOT NULL, "updated_at" datetime NOT NULL) 
  [1m[36m (0.1ms)[0m  [1mINSERT INTO "schema_migrations" ("version") VALUES ('20121202004255')[0m
  [1m[35m (1.2ms)[0m  commit transaction
Migrating to CreateQuestions (20121202004653)
  [1m[36m (0.0ms)[0m  [1mbegin transaction[0m
  [1m[35m (0.3ms)[0m  CREATE TABLE "questions" ("id" INTEGER PRIMARY KEY AUTOINCREMENT NOT NULL, "question" varchar(255), "quiz_id" integer, "correct_answer_id" integer, "created_at" datetime NOT NULL, "updated_at" datetime NOT NULL) 
  [1m[36m (0.1ms)[0m  [1mINSERT INTO "schema_migrations" ("version") VALUES ('20121202004653')[0m
  [1m[35m (0.8ms)[0m  commit transaction
Migrating to CreateQuizScores (20121202005719)
  [1m[36m (0.0ms)[0m  [1mbegin transaction[0m
  [1m[35m (0.4ms)[0m  CREATE TABLE "quiz_scores" ("id" INTEGER PRIMARY KEY AUTOINCREMENT NOT NULL, "score" decimal, "user_id" integer, "test_id" integer, "created_at" datetime NOT NULL, "updated_at" datetime NOT NULL) 
  [1m[36m (0.1ms)[0m  [1mINSERT INTO "schema_migrations" ("version") VALUES ('20121202005719')[0m
  [1m[35m (0.7ms)[0m  commit transaction
  [1m[36m (0.1ms)[0m  [1mselect sqlite_version(*)[0m
  [1m[35m (0.1ms)[0m  SELECT "schema_migrations"."version" FROM "schema_migrations" 
  [1m[36m (0.0ms)[0m  [1mPRAGMA index_list("questions")[0m
  [1m[35m (0.0ms)[0m  PRAGMA index_list("quiz_scores")
  [1m[36m (0.0ms)[0m  [1mPRAGMA index_list("quizzes")[0m
  [1m[35m (0.0ms)[0m  PRAGMA index_list("tests")
  [1m[36m (0.0ms)[0m  [1mPRAGMA index_list("users")[0m
Connecting to database specified by database.yml
  [1m[36m (0.1ms)[0m  [1mSELECT "schema_migrations"."version" FROM "schema_migrations" [0m
  [1m[35m (0.1ms)[0m  SELECT "schema_migrations"."version" FROM "schema_migrations" 
  [1m[36m (0.1ms)[0m  [1mSELECT "schema_migrations"."version" FROM "schema_migrations" [0m
Migrating to CreateTests (20121130062420)
Migrating to CreateUsers (20121130214051)
Migrating to CreateQuizzes (20121202004255)
Migrating to CreateQuestions (20121202004653)
Migrating to CreateQuizScores (20121202005719)
Migrating to CreateQuestionScores (20121202011848)
  [1m[35m (0.0ms)[0m  select sqlite_version(*)
  [1m[36m (0.0ms)[0m  [1mbegin transaction[0m
  [1m[35m (0.4ms)[0m  CREATE TABLE "question_scores" ("id" INTEGER PRIMARY KEY AUTOINCREMENT NOT NULL, "score" decimal, "user_id" integer, "test_id" integer, "ls" varchar(255), "created_at" datetime NOT NULL, "updated_at" datetime NOT NULL) 
  [1m[36m (0.1ms)[0m  [1mINSERT INTO "schema_migrations" ("version") VALUES ('20121202011848')[0m
  [1m[35m (13.1ms)[0m  commit transaction
  [1m[36m (0.1ms)[0m  [1mselect sqlite_version(*)[0m
  [1m[35m (0.1ms)[0m  SELECT "schema_migrations"."version" FROM "schema_migrations" 
  [1m[36m (0.0ms)[0m  [1mPRAGMA index_list("question_scores")[0m
  [1m[35m (0.0ms)[0m  PRAGMA index_list("questions")
  [1m[36m (0.0ms)[0m  [1mPRAGMA index_list("quiz_scores")[0m
  [1m[35m (0.0ms)[0m  PRAGMA index_list("quizzes")
  [1m[36m (0.0ms)[0m  [1mPRAGMA index_list("tests")[0m
  [1m[35m (0.0ms)[0m  PRAGMA index_list("users")
Connecting to database specified by database.yml
  [1m[36m (0.4ms)[0m  [1mselect sqlite_version(*)[0m
  [1m[35m (1.3ms)[0m  CREATE TABLE "question_scores" ("id" INTEGER PRIMARY KEY AUTOINCREMENT NOT NULL, "score" decimal, "user_id" integer, "test_id" integer, "ls" varchar(255), "created_at" datetime NOT NULL, "updated_at" datetime NOT NULL) 
  [1m[36m (1.2ms)[0m  [1mCREATE TABLE "questions" ("id" INTEGER PRIMARY KEY AUTOINCREMENT NOT NULL, "question" varchar(255), "quiz_id" integer, "correct_answer_id" integer, "created_at" datetime NOT NULL, "updated_at" datetime NOT NULL) [0m
  [1m[35m (1.9ms)[0m  CREATE TABLE "quiz_scores" ("id" INTEGER PRIMARY KEY AUTOINCREMENT NOT NULL, "score" decimal, "user_id" integer, "test_id" integer, "created_at" datetime NOT NULL, "updated_at" datetime NOT NULL) 
  [1m[36m (1.1ms)[0m  [1mCREATE TABLE "quizzes" ("id" INTEGER PRIMARY KEY AUTOINCREMENT NOT NULL, "topic" varchar(255), "created_at" datetime NOT NULL, "updated_at" datetime NOT NULL) [0m
  [1m[35m (1.2ms)[0m  CREATE TABLE "tests" ("id" INTEGER PRIMARY KEY AUTOINCREMENT NOT NULL, "name" varchar(255), "points_avail" integer, "user_id" integer, "date" datetime, "created_at" datetime NOT NULL, "updated_at" datetime NOT NULL) 
  [1m[36m (1.2ms)[0m  [1mCREATE TABLE "users" ("id" INTEGER PRIMARY KEY AUTOINCREMENT NOT NULL, "name" varchar(255), "password" varchar(255), "last_login" datetime, "created_at" datetime NOT NULL, "updated_at" datetime NOT NULL) [0m
  [1m[35m (1.3ms)[0m  CREATE TABLE "schema_migrations" ("version" varchar(255) NOT NULL) 
  [1m[36m (0.0ms)[0m  [1mPRAGMA index_list("schema_migrations")[0m
  [1m[35m (1.0ms)[0m  CREATE UNIQUE INDEX "unique_schema_migrations" ON "schema_migrations" ("version")
  [1m[36m (0.1ms)[0m  [1mSELECT version FROM "schema_migrations"[0m
  [1m[35m (0.9ms)[0m  INSERT INTO "schema_migrations" (version) VALUES ('20121202011848')
  [1m[36m (1.0ms)[0m  [1mINSERT INTO "schema_migrations" (version) VALUES ('20121130062420')[0m
  [1m[35m (0.9ms)[0m  INSERT INTO "schema_migrations" (version) VALUES ('20121130214051')
  [1m[36m (0.8ms)[0m  [1mINSERT INTO "schema_migrations" (version) VALUES ('20121202004255')[0m
  [1m[35m (1.0ms)[0m  INSERT INTO "schema_migrations" (version) VALUES ('20121202004653')
  [1m[36m (1.0ms)[0m  [1mINSERT INTO "schema_migrations" (version) VALUES ('20121202005719')[0m
  [1m[35m (0.1ms)[0m  SELECT "schema_migrations"."version" FROM "schema_migrations" 
Connecting to database specified by database.yml
Connecting to database specified by database.yml
Connecting to database specified by database.yml
  [1m[36m (0.1ms)[0m  [1mSELECT "schema_migrations"."version" FROM "schema_migrations" [0m
Migrating to CreateTests (20121130062420)
Migrating to CreateUsers (20121130214051)
Migrating to CreateQuizzes (20121202004255)
Migrating to CreateQuestions (20121202004653)
Migrating to CreateQuizScores (20121202005719)
Migrating to CreateQuestionScores (20121202011848)
  [1m[35m (0.1ms)[0m  select sqlite_version(*)
  [1m[36m (0.1ms)[0m  [1mSELECT "schema_migrations"."version" FROM "schema_migrations" [0m
  [1m[35m (0.0ms)[0m  PRAGMA index_list("question_scores")
  [1m[36m (0.0ms)[0m  [1mPRAGMA index_list("questions")[0m
  [1m[35m (0.1ms)[0m  PRAGMA index_list("quiz_scores")
  [1m[36m (0.0ms)[0m  [1mPRAGMA index_list("quizzes")[0m
  [1m[35m (0.0ms)[0m  PRAGMA index_list("tests")
  [1m[36m (0.0ms)[0m  [1mPRAGMA index_list("users")[0m
Connecting to database specified by database.yml
Connecting to database specified by database.yml
  [1m[36m (0.1ms)[0m  [1mSELECT "schema_migrations"."version" FROM "schema_migrations" [0m
Migrating to CreateTests (20121130062420)
Migrating to CreateUsers (20121130214051)
Migrating to CreateQuizzes (20121202004255)
Migrating to CreateQuestions (20121202004653)
Migrating to CreateQuizScores (20121202005719)
Migrating to CreateQuestionScores (20121202011848)
Migrating to NewUser (20121202014622)
  [1m[35m (0.0ms)[0m  select sqlite_version(*)
  [1m[36m (0.0ms)[0m  [1mbegin transaction[0m
  [1m[35m (0.4ms)[0m  CREATE TEMPORARY TABLE "altered_users" ("id" INTEGER PRIMARY KEY AUTOINCREMENT NOT NULL, "real_name" varchar(255), "password" varchar(255), "last_login" datetime, "created_at" datetime NOT NULL, "updated_at" datetime NOT NULL) 
  [1m[36m (0.0ms)[0m  [1mPRAGMA index_list("users")[0m
  [1m[35m (0.1ms)[0m  SELECT * FROM "users"
  [1m[36m (0.2ms)[0m  [1mDROP TABLE "users"[0m
  [1m[35m (0.1ms)[0m  CREATE TABLE "users" ("id" INTEGER PRIMARY KEY AUTOINCREMENT NOT NULL, "real_name" varchar(255), "password" varchar(255), "last_login" datetime, "created_at" datetime NOT NULL, "updated_at" datetime NOT NULL) 
  [1m[36m (0.0ms)[0m  [1mPRAGMA index_list("altered_users")[0m
  [1m[35m (0.0ms)[0m  SELECT * FROM "altered_users"
  [1m[36m (0.2ms)[0m  [1mDROP TABLE "altered_users"[0m
  [1m[35m (0.4ms)[0m  rollback transaction
Connecting to database specified by database.yml
  [1m[36m (0.1ms)[0m  [1mSELECT "schema_migrations"."version" FROM "schema_migrations" [0m
Migrating to CreateTests (20121130062420)
Migrating to CreateUsers (20121130214051)
Migrating to CreateQuizzes (20121202004255)
Migrating to CreateQuestions (20121202004653)
Migrating to CreateQuizScores (20121202005719)
Migrating to CreateQuestionScores (20121202011848)
Migrating to NewUser (20121202014622)
  [1m[35m (0.0ms)[0m  select sqlite_version(*)
  [1m[36m (0.0ms)[0m  [1mbegin transaction[0m
  [1m[35m (0.4ms)[0m  CREATE TEMPORARY TABLE "altered_users" ("id" INTEGER PRIMARY KEY AUTOINCREMENT NOT NULL, "real_name" varchar(255), "password" varchar(255), "last_login" datetime, "created_at" datetime NOT NULL, "updated_at" datetime NOT NULL) 
  [1m[36m (0.0ms)[0m  [1mPRAGMA index_list("users")[0m
  [1m[35m (0.1ms)[0m  SELECT * FROM "users"
  [1m[36m (0.2ms)[0m  [1mDROP TABLE "users"[0m
  [1m[35m (0.1ms)[0m  CREATE TABLE "users" ("id" INTEGER PRIMARY KEY AUTOINCREMENT NOT NULL, "real_name" varchar(255), "password" varchar(255), "last_login" datetime, "created_at" datetime NOT NULL, "updated_at" datetime NOT NULL) 
  [1m[36m (0.0ms)[0m  [1mPRAGMA index_list("altered_users")[0m
  [1m[35m (0.0ms)[0m  SELECT * FROM "altered_users"
  [1m[36m (0.2ms)[0m  [1mDROP TABLE "altered_users"[0m
  [1m[35m (0.1ms)[0m  ALTER TABLE "users" ADD "user_name" varchar(255)
  [1m[36m (0.1ms)[0m  [1mCREATE TEMPORARY TABLE "altered_question_scores" ("id" INTEGER PRIMARY KEY AUTOINCREMENT NOT NULL, "score" decimal, "user_id" integer, "test_id" integer, "ls" varchar(255), "created_at" datetime NOT NULL, "updated_at" datetime NOT NULL) [0m
  [1m[35m (0.0ms)[0m  PRAGMA index_list("question_scores")
  [1m[36m (0.0ms)[0m  [1mSELECT * FROM "question_scores"[0m
  [1m[35m (0.2ms)[0m  DROP TABLE "question_scores"
  [1m[36m (0.2ms)[0m  [1mCREATE TABLE "question_scores" ("id" INTEGER PRIMARY KEY AUTOINCREMENT NOT NULL, "score" decimal, "user_id" integer, "test_id" integer, "created_at" datetime NOT NULL, "updated_at" datetime NOT NULL) [0m
  [1m[35m (0.0ms)[0m  PRAGMA index_list("altered_question_scores")
  [1m[36m (0.1ms)[0m  [1mSELECT * FROM "altered_question_scores"[0m
  [1m[35m (0.1ms)[0m  DROP TABLE "altered_question_scores"
  [1m[36m (0.2ms)[0m  [1mDROP TABLE "tests"[0m
  [1m[35m (0.1ms)[0m  INSERT INTO "schema_migrations" ("version") VALUES ('20121202014622')
  [1m[36m (3.0ms)[0m  [1mcommit transaction[0m
  [1m[35m (0.1ms)[0m  select sqlite_version(*)
  [1m[36m (0.1ms)[0m  [1mSELECT "schema_migrations"."version" FROM "schema_migrations" [0m
  [1m[35m (0.0ms)[0m  PRAGMA index_list("question_scores")
  [1m[36m (0.0ms)[0m  [1mPRAGMA index_list("questions")[0m
  [1m[35m (0.0ms)[0m  PRAGMA index_list("quiz_scores")
  [1m[36m (0.0ms)[0m  [1mPRAGMA index_list("quizzes")[0m
  [1m[35m (0.0ms)[0m  PRAGMA index_list("users")
Connecting to database specified by database.yml
Connecting to database specified by database.yml
  [1m[36m (0.1ms)[0m  [1mSELECT "schema_migrations"."version" FROM "schema_migrations" [0m
Migrating to CreateTests (20121130062420)
Migrating to CreateUsers (20121130214051)
Migrating to CreateQuizzes (20121202004255)
Migrating to CreateQuestions (20121202004653)
Migrating to CreateQuizScores (20121202005719)
Migrating to CreateQuestionScores (20121202011848)
Migrating to NewUser (20121202014622)
Migrating to CreateAnswers (20121202021428)
  [1m[35m (0.0ms)[0m  select sqlite_version(*)
  [1m[36m (0.0ms)[0m  [1mbegin transaction[0m
  [1m[35m (0.4ms)[0m  CREATE TABLE "answers" ("id" INTEGER PRIMARY KEY AUTOINCREMENT NOT NULL, "answer" varchar(255), "question_id" integer, "created_at" datetime NOT NULL, "updated_at" datetime NOT NULL) 
  [1m[36m (0.1ms)[0m  [1mINSERT INTO "schema_migrations" ("version") VALUES ('20121202021428')[0m
  [1m[35m (1.1ms)[0m  commit transaction
  [1m[36m (0.0ms)[0m  [1mselect sqlite_version(*)[0m
  [1m[35m (0.1ms)[0m  SELECT "schema_migrations"."version" FROM "schema_migrations" 
  [1m[36m (0.0ms)[0m  [1mPRAGMA index_list("answers")[0m
  [1m[35m (0.0ms)[0m  PRAGMA index_list("question_scores")
  [1m[36m (0.0ms)[0m  [1mPRAGMA index_list("questions")[0m
  [1m[35m (0.0ms)[0m  PRAGMA index_list("quiz_scores")
  [1m[36m (0.0ms)[0m  [1mPRAGMA index_list("quizzes")[0m
  [1m[35m (0.0ms)[0m  PRAGMA index_list("users")
Connecting to database specified by database.yml
  [1m[36m (0.1ms)[0m  [1mSELECT "schema_migrations"."version" FROM "schema_migrations" [0m
Migrating to CreateTests (20121130062420)
Migrating to CreateUsers (20121130214051)
Migrating to CreateQuizzes (20121202004255)
Migrating to CreateQuestions (20121202004653)
Migrating to CreateQuizScores (20121202005719)
Migrating to CreateQuestionScores (20121202011848)
Migrating to NewUser (20121202014622)
Migrating to CreateAnswers (20121202021428)
  [1m[35m (0.1ms)[0m  select sqlite_version(*)
  [1m[36m (0.1ms)[0m  [1mSELECT "schema_migrations"."version" FROM "schema_migrations" [0m
  [1m[35m (0.0ms)[0m  PRAGMA index_list("answers")
  [1m[36m (0.0ms)[0m  [1mPRAGMA index_list("question_scores")[0m
  [1m[35m (0.0ms)[0m  PRAGMA index_list("questions")
  [1m[36m (0.0ms)[0m  [1mPRAGMA index_list("quiz_scores")[0m
  [1m[35m (0.0ms)[0m  PRAGMA index_list("quizzes")
  [1m[36m (0.0ms)[0m  [1mPRAGMA index_list("users")[0m
Connecting to database specified by database.yml
Connecting to database specified by database.yml
Connecting to database specified by database.yml
